This is pdfTeXk, Version 3.141592-1.40.3 (Web2C 7.5.6) (format=pdflatex 2007.5.18)  23 JUN 2008 00:34
entering extended mode
\write18 enabled.
 %&-line parsing enabled.
**flatcad-short.tex
(./flatcad-short.tex
LaTeX2e <2005/12/01>
Babel <v3.8h> and hyphenation patterns for english, usenglishmax, dumylang, noh
yphenation, arabic, basque, bulgarian, coptic, welsh, czech, slovak, german, ng
erman, danish, esperanto, spanish, catalan, galician, estonian, farsi, finnish,
 french, greek, monogreek, ancientgreek, croatian, hungarian, interlingua, ibyc
us, indonesian, icelandic, italian, latin, mongolian, dutch, norsk, polish, por
tuguese, pinyin, romanian, russian, slovenian, uppersorbian, serbian, swedish, 
turkish, ukenglish, ukrainian, loaded.
(/usr/local/texlive/2007/texmf-dist/tex/latex/base/article.cls
Document Class: article 2005/09/16 v1.4f Standard LaTeX document class
(/usr/local/texlive/2007/texmf-dist/tex/latex/base/size10.clo
File: size10.clo 2005/09/16 v1.4f Standard LaTeX file (size option)
)
\c@part=\count79
\c@section=\count80
\c@subsection=\count81
\c@subsubsection=\count82
\c@paragraph=\count83
\c@subparagraph=\count84
\c@figure=\count85
\c@table=\count86
\abovecaptionskip=\skip41
\belowcaptionskip=\skip42
\bibindent=\dimen102
)
(/usr/local/texlive/2007/texmf-dist/tex/latex/geometry/geometry.sty
Package: geometry 2002/07/08 v3.2 Page Geometry

(/usr/local/texlive/2007/texmf-dist/tex/latex/graphics/keyval.sty
Package: keyval 1999/03/16 v1.13 key=value parser (DPC)
\KV@toks@=\toks14
)
\Gm@cnth=\count87
\Gm@cntv=\count88
\c@Gm@tempcnt=\count89
\Gm@bindingoffset=\dimen103
\Gm@wd@mp=\dimen104
\Gm@odd@mp=\dimen105
\Gm@even@mp=\dimen106
\Gm@dimlist=\toks15

(/usr/local/texlive/2007/texmf-dist/tex/xelatex/xetexconfig/geometry.cfg))
(/usr/local/texlive/2007/texmf-dist/tex/latex/graphics/graphicx.sty
Package: graphicx 1999/02/16 v1.0f Enhanced LaTeX Graphics (DPC,SPQR)

(/usr/local/texlive/2007/texmf-dist/tex/latex/graphics/graphics.sty
Package: graphics 2006/02/20 v1.0o Standard LaTeX Graphics (DPC,SPQR)

(/usr/local/texlive/2007/texmf-dist/tex/latex/graphics/trig.sty
Package: trig 1999/03/16 v1.09 sin cos tan (DPC)
)
(/usr/local/texlive/2007/texmf/tex/latex/config/graphics.cfg
File: graphics.cfg 2007/01/18 v1.5 graphics configuration of teTeX/TeXLive
)
Package graphics Info: Driver file: pdftex.def on input line 90.

(/usr/local/texlive/2007/texmf-dist/tex/latex/pdftex-def/pdftex.def
File: pdftex.def 2007/01/08 v0.04d Graphics/color for pdfTeX
\Gread@gobject=\count90
))
\Gin@req@height=\dimen107
\Gin@req@width=\dimen108
)
(/usr/local/texlive/2007/texmf-dist/tex/latex/amsfonts/amssymb.sty
Package: amssymb 2002/01/22 v2.2d

(/usr/local/texlive/2007/texmf-dist/tex/latex/amsfonts/amsfonts.sty
Package: amsfonts 2001/10/25 v2.2f
\@emptytoks=\toks16
\symAMSa=\mathgroup4
\symAMSb=\mathgroup5
LaTeX Font Info:    Overwriting math alphabet `\mathfrak' in version `bold'
(Font)                  U/euf/m/n --> U/euf/b/n on input line 132.
))
(/usr/local/texlive/2007/texmf-dist/tex/latex/subfigure/subfigure.sty
Package: subfigure 2002/03/15 v2.1.5 subfigure package
\subfigtopskip=\skip43
\subfigcapskip=\skip44
\subfigcaptopadj=\dimen109
\subfigbottomskip=\skip45
\subfigcapmargin=\dimen110
\subfiglabelskip=\skip46
\c@subfigure=\count91
\c@lofdepth=\count92
\c@subtable=\count93
\c@lotdepth=\count94

****************************************
* Local config file subfigure.cfg used *
****************************************
(/usr/local/texlive/2007/texmf-dist/tex/latex/subfigure/subfigure.cfg)
\subfig@top=\skip47
\subfig@bottom=\skip48
)
(/usr/local/texlive/2007/texmf-dist/tex/latex/cite/cite.sty
LaTeX Info: Redefining \cite on input line 149.
LaTeX Info: Redefining \nocite on input line 214.
Package: cite 2003/11/04  v 4.01
)
(/usr/local/texlive/2007/texmf-dist/tex/latex/hyphenat/hyphenat.sty
Package: hyphenat 2001/01/02 v2.3a hyphenation utilities
\langwohyphens=\language48
LaTeX Info: Redefining \_ on input line 34.
)
(./latex8.sty
IEEE 8.5 x 11-Inch Proceedings Style `latex8.sty'.
\@ctmp=\skip49
\@figindent=\skip50
) (/usr/local/texlive/2007/texmf-dist/tex/latex/psnfss/times.sty
Package: times 2005/04/12 PSNFSS-v9.2a (SPQR) 
)
\subfigbox=\box26


LaTeX Warning: Unused global option(s):
    [times].

(./flatcad-short.aux)
\openout1 = `flatcad-short.aux'.

LaTeX Font Info:    Checking defaults for OML/cmm/m/it on input line 34.
LaTeX Font Info:    ... okay on input line 34.
LaTeX Font Info:    Checking defaults for T1/cmr/m/n on input line 34.
LaTeX Font Info:    ... okay on input line 34.
LaTeX Font Info:    Checking defaults for OT1/cmr/m/n on input line 34.
LaTeX Font Info:    ... okay on input line 34.
LaTeX Font Info:    Checking defaults for OMS/cmsy/m/n on input line 34.
LaTeX Font Info:    ... okay on input line 34.
LaTeX Font Info:    Checking defaults for OMX/cmex/m/n on input line 34.
LaTeX Font Info:    ... okay on input line 34.
LaTeX Font Info:    Checking defaults for U/cmr/m/n on input line 34.
LaTeX Font Info:    ... okay on input line 34.
LaTeX Font Info:    Try loading font information for OT1+ptm on input line 34.

(/usr/local/texlive/2007/texmf-dist/tex/latex/psnfss/ot1ptm.fd
File: ot1ptm.fd 2001/06/04 font definitions for OT1/ptm.
)
-------------------- Geometry parameters
paper: class default
landscape: --
twocolumn: true
twoside: --
asymmetric: --
h-parts: 92.14519pt, 0.7\paperwidth , 92.14519pt (default)
v-parts: 95.39737pt, 0.7\paperheight , 143.09605pt (default)
hmarginratio: 1:1
vmarginratio: 2:3
lines: --
heightrounded: --
bindingoffset: 0.0pt
truedimen: --
includehead: --
includefoot: --
includemp: --
driver: pdftex
-------------------- Page layout dimensions and switches
\paperwidth  614.295pt
\paperheight 794.96999pt
\textwidth  496.85625pt
\textheight 641.39624pt
\oddsidemargin  -21.97014pt
\evensidemargin -21.97014pt
\topmargin  0.0pt
\headheight 0.0pt
\headsep    0.0pt
\footskip   30.0pt
\marginparwidth 4.0pt
\marginparsep   10.0pt
\columnsep  22.58437pt
\skip\footins  9.0pt plus 4.0pt minus 2.0pt
\hoffset 0.0pt
\voffset 0.0pt
\mag 1000
\@twocolumntrue 
(1in=72.27pt, 1cm=28.45pt)
-----------------------

(/usr/local/texlive/2007/texmf-dist/tex/context/base/supp-pdf.tex
[Loading MPS to PDF converter (version 2006.09.02).]
\scratchcounter=\count95
\scratchdimen=\dimen111
\scratchbox=\box27
\nofMPsegments=\count96
\nofMParguments=\count97
\MPscratchCnt=\count98
\MPscratchDim=\dimen112
\MPnumerator=\count99
\everyMPtoPDFconversion=\toks17
)
LaTeX Font Info:    Font shape `OT1/ptm/bx/n' in size <14.4> not available
(Font)              Font shape `OT1/ptm/b/n' tried instead on input line 36.
LaTeX Font Info:    Try loading font information for U+msa on input line 36.
 (/usr/local/texlive/2007/texmf-dist/tex/latex/amsfonts/umsa.fd
File: umsa.fd 2002/01/19 v2.2g AMS font definitions
)
LaTeX Font Info:    Try loading font information for U+msb on input line 36.

(/usr/local/texlive/2007/texmf-dist/tex/latex/amsfonts/umsb.fd
File: umsb.fd 2002/01/19 v2.2g AMS font definitions
)
LaTeX Font Info:    Font shape `OT1/ptm/bx/n' in size <12> not available
(Font)              Font shape `OT1/ptm/b/n' tried instead on input line 38.

<physical-output-boxcad-correct.pdf, id=1, 65.043pt x 65.043pt>
File: physical-output-boxcad-correct.pdf Graphic file (type pdf)

<use physical-output-boxcad-correct.pdf>
<physical-output-jessica-correct.pdf, id=2, 65.043pt x 65.043pt>
File: physical-output-jessica-correct.pdf Graphic file (type pdf)

<use physical-output-jessica-correct.pdf>
<physical-output-gears-correct.pdf, id=3, 65.043pt x 65.043pt>
File: physical-output-gears-correct.pdf Graphic file (type pdf)

<use physical-output-gears-correct.pdf>

LaTeX Warning: `h' float specifier changed to `ht'.

LaTeX Font Info:    Try loading font information for OT1+pcr on input line 89.
(/usr/local/texlive/2007/texmf-dist/tex/latex/psnfss/ot1pcr.fd
File: ot1pcr.fd 2001/06/04 font definitions for OT1/pcr.
)
<mechanism-graphics-correct.pdf, id=4, 401.5pt x 401.5pt>
File: mechanism-graphics-correct.pdf Graphic file (type pdf)

<use mechanism-graphics-correct.pdf>
Overfull \hbox (5.0pt too wide) in paragraph at lines 99--100
 [][] 
 []

<mechanism-physical-correct.pdf, id=5, 65.043pt x 65.043pt>
File: mechanism-physical-correct.pdf Graphic file (type pdf)

<use mechanism-physical-correct.pdf>
Overfull \hbox (5.0pt too wide) in paragraph at lines 105--106
 [][] 
 []


LaTeX Warning: `h' float specifier changed to `ht'.


Underfull \hbox (badness 1325) in paragraph at lines 126--132
\OT1/ptm/m/n/10 wheel's ra-dius changes the pup-pet's up-and-down fre-
 []


Overfull \hbox (8.89769pt too wide) in paragraph at lines 152--152
[]          \OT1/pcr/m/n/8 coaxial(gear_2, piston_wheel)),[] 
 []


LaTeX Warning: `h' float specifier changed to `ht'.


Underfull \vbox (badness 5504) has occurred while \output is active []

 [1{/usr/local/texlive/2007/texmf-var/fonts/map/pdftex/updmap/pdftex.map}


 <./physical-output-boxcad-correct.pdf> <./physical-output-jessica-correct.pdf>
 <./physical-output-gears-correct.pdf> <./mechanism-graphics-correct.pdf> <./me
chanism-physical-correct.pdf>] <pentahedron.pdf, id=26, 270.97838pt x 521.88475
pt>
File: pentahedron.pdf Graphic file (type pdf)

<use pentahedron.pdf>
Overfull \hbox (5.0pt too wide) in paragraph at lines 263--264
[][] 
 []

[2 <./pentahedron.pdf>]
LaTeX Font Info:    Font shape `OT1/ptm/bx/n' in size <10> not available
(Font)              Font shape `OT1/ptm/b/n' tried instead on input line 300.

! Undefined control sequence.
l.314 using the \tetnhtt
                        {backto} command. Turtle operations inherit the
The control sequence at the end of the top line
of your error message was never \def'ed. If you have
misspelled it (e.g., `\hobx'), type `I' and the correct
spelling (e.g., `I\hbox'). Otherwise just continue,
and I'll forget about whatever was undefined.

! Missing number, treated as zero.
<to be read again> 
                   \relax 
l.330   \begin{minipage}{}
                          
A number should have been here; I inserted `0'.
(If you can't figure out why I needed to see a number,
look up `weird error' in the index to The TeXbook.)

! Illegal unit of measure (pt inserted).
<to be read again> 
                   \relax 
l.330   \begin{minipage}{}
                          
Dimensions can be in units of em, ex, in, pt, pc,
cm, mm, dd, cc, nd, nc, bp, or sp; but yours is a new one!
I'll assume that you meant to say pt, for printer's points.
To recover gracefully from this error, it's best to
delete the erroneous units; e.g., type `2' to delete
two letters. (See Chapter 27 of The TeXbook.)

<notched_triangle.pdf, id=40, 141.51068pt x 160.57993pt>
File: notched_triangle.pdf Graphic file (type pdf)

<use notched_triangle.pdf>
<shapes-complete.pdf, id=41, 406.51875pt x 403.5075pt>
File: shapes-complete.pdf Graphic file (type pdf)

<use shapes-complete.pdf>
Overfull \hbox (152.03998pt too wide) in paragraph at lines 334--335
[][] 
 []

! Missing number, treated as zero.
<to be read again> 
                   \relax 
l.335   \end{minipage}
                      
A number should have been here; I inserted `0'.
(If you can't figure out why I needed to see a number,
look up `weird error' in the index to The TeXbook.)

! Illegal unit of measure (pt inserted).
<to be read again> 
                   \relax 
l.335   \end{minipage}
                      
Dimensions can be in units of em, ex, in, pt, pc,
cm, mm, dd, cc, nd, nc, bp, or sp; but yours is a new one!
I'll assume that you meant to say pt, for printer's points.
To recover gracefully from this error, it's best to
delete the erroneous units; e.g., type `2' to delete
two letters. (See Chapter 27 of The TeXbook.)

<turtle_tree_graph.pdf, id=42, 1183.42125pt x 142.5325pt>
File: turtle_tree_graph.pdf Graphic file (type pdf)

<use turtle_tree_graph.pdf>

LaTeX Warning: `h' float specifier changed to `ht'.

[3 <./notched_triangle.pdf> <./shapes-complete.pdf>]
! Undefined control sequence.
l.461 ...ke other LOGO implementations, \nohyphers
                                                  {FlatCAD} analyzes the
The control sequence at the end of the top line
of your error message was never \def'ed. If you have
misspelled it (e.g., `\hobx'), type `I' and the correct
spelling (e.g., `I\hbox'). Otherwise just continue,
and I'll forget about whatever was undefined.

(./flatcad-short.bbl) [4 <./turtle_tree_graph.pdf>] (./flatcad-short.aux) ) 
Here is how much of TeX's memory you used:
 1945 strings out of 94073
 26264 string characters out of 1162984
 77847 words of memory out of 1500000
 5197 multiletter control sequences out of 10000+50000
 26979 words of font info for 65 fonts, out of 1200000 for 2000
 645 hyphenation exceptions out of 8191
 25i,8n,24p,243b,357s stack positions out of 5000i,500n,6000p,200000b,5000s
{/us
r/local/texlive/2007/texmf-dist/fonts/enc/dvips/base/8r.enc}</usr/local/texlive
/2007/texmf-dist/fonts/type1/bluesky/cm/cmbx10.pfb></usr/local/texlive/2007/tex
mf-dist/fonts/type1/bluesky/cm/cmsy7.pfb></usr/local/texlive/2007/texmf-dist/fo
nts/type1/urw/courier/ucrr8a.pfb></usr/local/texlive/2007/texmf-dist/fonts/type
1/urw/helvetic/uhvb8a.pfb></usr/local/texlive/2007/texmf-dist/fonts/type1/urw/t
imes/utmb8a.pfb></usr/local/texlive/2007/texmf-dist/fonts/type1/urw/times/utmr8
a.pfb></usr/local/texlive/2007/texmf-dist/fonts/type1/urw/times/utmri8a.pfb>
Output written on flatcad-short.pdf (4 pages, 828701 bytes).
PDF statistics:
 107 PDF objects out of 1000 (max. 8388607)
 0 named destinations out of 1000 (max. 131072)
 46 words of extra memory for PDF output out of 10000 (max. 10000000)

