This is XeTeXk, Version 3.141592-2.2-0.996 (Web2C 7.5.6) (format=xelatex 2007.5.18)  23 JUN 2008 00:35
entering extended mode
 %&-line parsing enabled.
**flatcad-sketch.tex
(./flatcad-sketch.tex
LaTeX2e <2005/12/01>
Babel <v3.8h> and hyphenation patterns for english, usenglishmax, dumylang, noh
yphenation, arabic, basque, bulgarian, coptic, welsh, czech, slovak, german, ng
erman, danish, esperanto, spanish, catalan, galician, estonian, farsi, finnish,
 french, greek, monogreek, ancientgreek, croatian, hungarian, interlingua, ibyc
us, indonesian, icelandic, italian, latin, mongolian, dutch, norsk, polish, por
tuguese, pinyin, romanian, russian, slovenian, uppersorbian, serbian, swedish, 
turkish, ukenglish, ukrainian, loaded.
(/usr/local/texlive/2007/texmf-dist/tex/latex/base/article.cls
Document Class: article 2005/09/16 v1.4f Standard LaTeX document class
(/usr/local/texlive/2007/texmf-dist/tex/latex/base/size10.clo
File: size10.clo 2005/09/16 v1.4f Standard LaTeX file (size option)
)
\c@part=\count79
\c@section=\count80
\c@subsection=\count81
\c@subsubsection=\count82
\c@paragraph=\count83
\c@subparagraph=\count84
\c@figure=\count85
\c@table=\count86
\abovecaptionskip=\skip41
\belowcaptionskip=\skip42
\bibindent=\dimen102
)
(/usr/local/texlive/2007/texmf-dist/tex/latex/geometry/geometry.sty
Package: geometry 2002/07/08 v3.2 Page Geometry

(/usr/local/texlive/2007/texmf-dist/tex/latex/graphics/keyval.sty
Package: keyval 1999/03/16 v1.13 key=value parser (DPC)
\KV@toks@=\toks14
)
\Gm@cnth=\count87
\Gm@cntv=\count88
\c@Gm@tempcnt=\count89
\Gm@bindingoffset=\dimen103
\Gm@wd@mp=\dimen104
\Gm@odd@mp=\dimen105
\Gm@even@mp=\dimen106
\Gm@dimlist=\toks15

(/usr/local/texlive/2007/texmf-dist/tex/xelatex/xetexconfig/geometry.cfg))
(/usr/local/texlive/2007/texmf-dist/tex/latex/graphics/graphicx.sty
Package: graphicx 1999/02/16 v1.0f Enhanced LaTeX Graphics (DPC,SPQR)

(/usr/local/texlive/2007/texmf-dist/tex/latex/graphics/graphics.sty
Package: graphics 2006/02/20 v1.0o Standard LaTeX Graphics (DPC,SPQR)

(/usr/local/texlive/2007/texmf-dist/tex/latex/graphics/trig.sty
Package: trig 1999/03/16 v1.09 sin cos tan (DPC)
)
(/usr/local/texlive/2007/texmf/tex/latex/config/graphics.cfg
File: graphics.cfg 2007/01/18 v1.5 graphics configuration of teTeX/TeXLive
)
Package graphics Info: Driver file: xetex.def on input line 90.

(/usr/local/texlive/2007/texmf-dist/tex/xelatex/graphics/xetex.def
File: xetex.def 2006/08/10 v0.92 LaTeX color/graphics driver for XeTeX (RRM, mo
d. JK)
))
\Gin@req@height=\dimen107
\Gin@req@width=\dimen108
)
(/usr/local/texlive/2007/texmf-dist/tex/latex/amsfonts/amssymb.sty
Package: amssymb 2002/01/22 v2.2d

(/usr/local/texlive/2007/texmf-dist/tex/latex/amsfonts/amsfonts.sty
Package: amsfonts 2001/10/25 v2.2f
\@emptytoks=\toks16
\symAMSa=\mathgroup4
\symAMSb=\mathgroup5
LaTeX Font Info:    Overwriting math alphabet `\mathfrak' in version `bold'
(Font)                  U/euf/m/n --> U/euf/b/n on input line 132.
))
(/usr/local/texlive/2007/texmf-dist/tex/latex/hyphenat/hyphenat.sty
Package: hyphenat 2001/01/02 v2.3a hyphenation utilities
\langwohyphens=\language48
LaTeX Info: Redefining \_ on input line 34.
)
(/usr/local/texlive/2007/texmf-dist/tex/latex/subfigure/subfigure.sty
Package: subfigure 2002/03/15 v2.1.5 subfigure package
\subfigtopskip=\skip43
\subfigcapskip=\skip44
\subfigcaptopadj=\dimen109
\subfigbottomskip=\skip45
\subfigcapmargin=\dimen110
\subfiglabelskip=\skip46
\c@subfigure=\count90
\c@lofdepth=\count91
\c@subtable=\count92
\c@lotdepth=\count93

****************************************
* Local config file subfigure.cfg used *
****************************************
(/usr/local/texlive/2007/texmf-dist/tex/latex/subfigure/subfigure.cfg)
\subfig@top=\skip47
\subfig@bottom=\skip48
)
(/usr/local/texlive/2007/texmf-dist/tex/xelatex/fontspec/fontspec.sty
Package: fontspec 2006/12/24 v1.13 Advanced font selection for XeLaTeX

(/usr/local/texlive/2007/texmf-dist/tex/generic/ifxetex/ifxetex.sty
Package: ifxetex 2006/08/21 v0.3 Provides ifxetex conditional
)
\c@zf@newff=\count94
\c@zf@index=\count95
\c@zf@script=\count96
\c@zf@language=\count97

(/usr/local/texlive/2007/texmf-dist/tex/latex/tools/calc.sty
Package: calc 2005/08/06 v4.2 Infix arithmetic (KKT,FJ)
\calc@Acount=\count98
\calc@Bcount=\count99
\calc@Adimen=\dimen111
\calc@Bdimen=\dimen112
\calc@Askip=\skip49
\calc@Bskip=\skip50
LaTeX Info: Redefining \setlength on input line 75.
LaTeX Info: Redefining \addtolength on input line 76.
\calc@Ccount=\count100
\calc@Cskip=\skip51
)
(/usr/local/texlive/2007/texmf-dist/tex/latex/xkeyval/xkeyval.sty
Package: xkeyval 2006/11/18 v2.5f package option processing (HA)

(/usr/local/texlive/2007/texmf-dist/tex/latex/xkeyval/xkeyval.tex
\XKV@toks=\toks17
\XKV@depth=\count101
File: xkeyval.tex 2006/11/18 v2.5f key=value parser (HA)
))
(/usr/local/texlive/2007/texmf-dist/tex/latex/lm/lmodern.sty
Package: lmodern 2007/01/14 v1.3 Latin Modern Fonts
LaTeX Font Info:    Overwriting symbol font `operators' in version `normal'
(Font)                  OT1/cmr/m/n --> OT1/lmr/m/n on input line 13.
LaTeX Font Info:    Overwriting symbol font `letters' in version `normal'
(Font)                  OML/cmm/m/it --> OML/lmm/m/it on input line 14.
LaTeX Font Info:    Overwriting symbol font `symbols' in version `normal'
(Font)                  OMS/cmsy/m/n --> OMS/lmsy/m/n on input line 15.
LaTeX Font Info:    Overwriting symbol font `largesymbols' in version `normal'
(Font)                  OMX/cmex/m/n --> OMX/lmex/m/n on input line 16.
LaTeX Font Info:    Overwriting symbol font `operators' in version `bold'
(Font)                  OT1/cmr/bx/n --> OT1/lmr/bx/n on input line 17.
LaTeX Font Info:    Overwriting symbol font `letters' in version `bold'
(Font)                  OML/cmm/b/it --> OML/lmm/b/it on input line 18.
LaTeX Font Info:    Overwriting symbol font `symbols' in version `bold'
(Font)                  OMS/cmsy/b/n --> OMS/lmsy/b/n on input line 19.
LaTeX Font Info:    Overwriting symbol font `largesymbols' in version `bold'
(Font)                  OMX/cmex/m/n --> OMX/lmex/m/n on input line 20.
LaTeX Font Info:    Overwriting math alphabet `\mathbf' in version `normal'
(Font)                  OT1/cmr/bx/n --> OT1/lmr/bx/n on input line 22.
LaTeX Font Info:    Overwriting math alphabet `\mathsf' in version `normal'
(Font)                  OT1/cmss/m/n --> OT1/lmss/m/n on input line 23.
LaTeX Font Info:    Overwriting math alphabet `\mathit' in version `normal'
(Font)                  OT1/cmr/m/it --> OT1/lmr/m/it on input line 24.
LaTeX Font Info:    Overwriting math alphabet `\mathtt' in version `normal'
(Font)                  OT1/cmtt/m/n --> OT1/lmtt/m/n on input line 25.
LaTeX Font Info:    Overwriting math alphabet `\mathbf' in version `bold'
(Font)                  OT1/cmr/bx/n --> OT1/lmr/bx/n on input line 26.
LaTeX Font Info:    Overwriting math alphabet `\mathsf' in version `bold'
(Font)                  OT1/cmss/bx/n --> OT1/lmss/bx/n on input line 27.
LaTeX Font Info:    Overwriting math alphabet `\mathit' in version `bold'
(Font)                  OT1/cmr/bx/it --> OT1/lmr/bx/it on input line 28.
LaTeX Font Info:    Overwriting math alphabet `\mathtt' in version `bold'
(Font)                  OT1/cmtt/m/n --> OT1/lmtt/m/n on input line 29.
)
(/usr/local/texlive/2007/texmf-dist/tex/latex/base/fontenc.sty
Package: fontenc 2005/09/27 v1.99g Standard LaTeX package

(/usr/local/texlive/2007/texmf-dist/tex/xelatex/euenc/eu1enc.def
File: eu1enc.def 2006/08/13 v0.1a Experimental unicode font encoding
)
LaTeX Font Info:    Try loading font information for EU1+lmr on input line 100.


(/usr/local/texlive/2007/texmf-dist/tex/xelatex/euenc/lm/eu1lmr.fd
File: eu1lmr.fd 2007/01/14 v1.3 Font defs for Latin Modern
))
LaTeX Info: Redefining \itshape on input line 1050.
LaTeX Info: Redefining \slshape on input line 1053.
LaTeX Info: Redefining \scshape on input line 1056.
LaTeX Info: Redefining \upshape on input line 1059.

fontspec.cfg loaded.
(/usr/local/texlive/2007/texmf-dist/tex/xelatex/fontspec/fontspec.cfg))
(/usr/local/texlive/2007/texmf-dist/tex/xelatex/xltxtra/xltxtra.sty
Package: xltxtra 2006/06/13 v0.2 Improvements for the XeTeX/LaTeX format

(/usr/local/texlive/2007/texmf-dist/tex/xelatex/xunicode/xunicode.sty
File: xunicode.sty 2005/02/26 v0.5 provides access to latin accents and many ot
her characters in Unicode lower plane
)
\xxt@kern@Te=\skip52
\xxt@kern@eX=\skip53
\xxt@lower@e=\skip54
\xxt@kern@La=\skip55
\xxt@kern@aT=\skip56
\xxt@kern@eL=\skip57
LaTeX Info: Redefining \TeX on input line 36.
LaTeX Info: Redefining \LaTeX on input line 42.

(/usr/local/texlive/2007/texmf-dist/tex/latex/etex/etex.sty
Package: etex 1998/03/26 v2.0 eTeX basic definition package (PEB)
\et@xins=\count102
)
(/usr/local/texlive/2007/texmf-dist/tex/latex/base/fixltx2e.sty
Package: fixltx2e 2006/03/24 v1.1n fixes to LaTeX
LaTeX Info: Redefining \em on input line 420.
)
LaTeX Info: Redefining \em on input line 101.
LaTeX Info: Redefining \emph on input line 110.
LaTeX Info: Redefining \- on input line 115.
LaTeX Info: Redefining \textsubscript on input line 125.
LaTeX Info: Redefining \textsuperscript on input line 154.
)
\c@zf@famc@Cochin=\count103
Package fontspec Info: Defining font family for "Cochin" with options [Mapping=
tex-text,Mapping=tex-text] on input line 14.
Package fontspec Info: Gill Sans scale = 0.82867 on input line 16.
\c@zf@famc@Gill Sans=\count104
Package fontspec Info: Defining font family for "Gill Sans" with options [Mappi
ng=tex-text,Scale=MatchLowercase,Mapping=tex-text] on input line 16.
Package fontspec Info: Gill Sans scale = 0.82867 on input line 16.
Package fontspec Info: Gill Sans/B scale = 0.74763 on input line 16.
Package fontspec Info: Gill Sans/I scale = 0.82867 on input line 16.
Package fontspec Info: Gill Sans/BI scale = 0.74763 on input line 16.
Package fontspec Info: Andale Mono scale = 0.73148 on input line 17.
\c@zf@famc@Andale Mono=\count105
Package fontspec Info: Defining font family for "Andale Mono" with options [Map
ping=tex-text,Scale=MatchLowercase] on input line 17.
Package fontspec Info: Andale Mono scale = 0.73148 on input line 17.
Package fontspec Info: Could not resolve font Andale Mono/B (it might not exist
) on input line 17.
Package fontspec Info: Could not resolve font Andale Mono/I (it might not exist
) on input line 17.
Package fontspec Info: Could not resolve font Andale Mono/BI (it might not exis
t) on input line 17.
\subfigbox=\box26


LaTeX Warning: Unused global option(s):
    [times].

No file flatcad-sketch.aux.
\openout1 = `flatcad-sketch.aux'.

LaTeX Font Info:    Checking defaults for OML/cmm/m/it on input line 38.
LaTeX Font Info:    ... okay on input line 38.
LaTeX Font Info:    Checking defaults for T1/cmr/m/n on input line 38.
LaTeX Font Info:    ... okay on input line 38.
LaTeX Font Info:    Checking defaults for OT1/cmr/m/n on input line 38.
LaTeX Font Info:    ... okay on input line 38.
LaTeX Font Info:    Checking defaults for OMS/cmsy/m/n on input line 38.
LaTeX Font Info:    ... okay on input line 38.
LaTeX Font Info:    Checking defaults for OMX/cmex/m/n on input line 38.
LaTeX Font Info:    ... okay on input line 38.
LaTeX Font Info:    Checking defaults for U/cmr/m/n on input line 38.
LaTeX Font Info:    ... okay on input line 38.
LaTeX Font Info:    Checking defaults for EU1/lmr/m/n on input line 38.
LaTeX Font Info:    ... okay on input line 38.
-------------------- Geometry parameters
paper: class default
landscape: --
twocolumn: true
twoside: --
asymmetric: --
h-parts: 92.14519pt, 0.7\paperwidth , 92.14519pt (default)
v-parts: 95.39737pt, 0.7\paperheight , 143.09605pt (default)
hmarginratio: 1:1
vmarginratio: 2:3
lines: --
heightrounded: --
bindingoffset: 0.0pt
truedimen: --
includehead: --
includefoot: --
includemp: --
driver: pdftex
-------------------- Page layout dimensions and switches
\paperwidth  614.295pt
\paperheight 794.96999pt
\textwidth  430.00462pt
\textheight 556.47656pt
\oddsidemargin  19.8752pt
\evensidemargin 19.8752pt
\topmargin  -13.87262pt
\headheight 12.0pt
\headsep    25.0pt
\footskip   30.0pt
\marginparwidth 4.0pt
\marginparsep   10.0pt
\columnsep  10.0pt
\skip\footins  9.0pt plus 4.0pt minus 2.0pt
\hoffset 0.0pt
\voffset 0.0pt
\mag 1000
\@twocolumntrue 
(1in=72.27pt, 1cm=28.45pt)
-----------------------
\symlegacymaths=\mathgroup6
LaTeX Font Info:    Overwriting symbol font `legacymaths' in version `bold'
(Font)                  OT1/cmr/m/n --> OT1/cmr/bx/n on input line 38.
LaTeX Font Info:    Redeclaring math accent \acute on input line 38.
LaTeX Font Info:    Redeclaring math accent \grave on input line 38.
LaTeX Font Info:    Redeclaring math accent \ddot on input line 38.
LaTeX Font Info:    Redeclaring math accent \tilde on input line 38.
LaTeX Font Info:    Redeclaring math accent \bar on input line 38.
LaTeX Font Info:    Redeclaring math accent \breve on input line 38.
LaTeX Font Info:    Redeclaring math accent \check on input line 38.
LaTeX Font Info:    Redeclaring math accent \hat on input line 38.
LaTeX Font Info:    Redeclaring math accent \dot on input line 38.
LaTeX Font Info:    Redeclaring math accent \mathring on input line 38.
LaTeX Font Info:    Redeclaring math symbol \colon on input line 38.
LaTeX Font Info:    Redeclaring math symbol \Gamma on input line 38.
LaTeX Font Info:    Redeclaring math symbol \Delta on input line 38.
LaTeX Font Info:    Redeclaring math symbol \Theta on input line 38.
LaTeX Font Info:    Redeclaring math symbol \Lambda on input line 38.
LaTeX Font Info:    Redeclaring math symbol \Xi on input line 38.
LaTeX Font Info:    Redeclaring math symbol \Pi on input line 38.
LaTeX Font Info:    Redeclaring math symbol \Sigma on input line 38.
LaTeX Font Info:    Redeclaring math symbol \Upsilon on input line 38.
LaTeX Font Info:    Redeclaring math symbol \Phi on input line 38.
LaTeX Font Info:    Redeclaring math symbol \Psi on input line 38.
LaTeX Font Info:    Redeclaring math symbol \Omega on input line 38.
LaTeX Font Info:    Redeclaring math symbol \mathdollar on input line 38.
LaTeX Font Info:    Redeclaring symbol font `operators' on input line 38.
LaTeX Font Info:    Encoding `OT1' has changed to `EU1' for symbol font
(Font)              `operators' in the math version `normal' on input line 38.
LaTeX Font Info:    Overwriting symbol font `operators' in version `normal'
(Font)                  OT1/lmr/m/n --> EU1/Cochin(0)/m/n on input line 38.
LaTeX Font Info:    Encoding `OT1' has changed to `EU1' for symbol font
(Font)              `operators' in the math version `bold' on input line 38.
LaTeX Font Info:    Overwriting symbol font `operators' in version `bold'
(Font)                  OT1/lmr/bx/n --> EU1/Cochin(0)/m/n on input line 38.
LaTeX Font Info:    Overwriting symbol font `operators' in version `normal'
(Font)                  EU1/Cochin(0)/m/n --> EU1/Cochin(0)/m/n on input line 3
8.
LaTeX Font Info:    Overwriting math alphabet `\mathrm' in version `normal'
(Font)                  EU1/Cochin(0)/m/n --> EU1/Cochin(0)/m/n on input line 3
8.
LaTeX Font Info:    Overwriting math alphabet `\mathit' in version `normal'
(Font)                  OT1/lmr/m/it --> EU1/Cochin(0)/m/it on input line 38.
LaTeX Font Info:    Overwriting math alphabet `\mathbf' in version `normal'
(Font)                  OT1/lmr/bx/n --> EU1/Cochin(0)/bx/n on input line 38.
LaTeX Font Info:    Overwriting math alphabet `\mathsf' in version `normal'
(Font)                  OT1/lmss/m/n --> EU1/GillSans(0)/m/n on input line 38.
LaTeX Font Info:    Overwriting math alphabet `\mathtt' in version `normal'
(Font)                  OT1/lmtt/m/n --> EU1/AndaleMono(0)/m/n on input line 38
.
LaTeX Font Info:    Overwriting symbol font `operators' in version `bold'
(Font)                  EU1/Cochin(0)/m/n --> EU1/Cochin(0)/bx/n on input line 
38.
LaTeX Font Info:    Overwriting math alphabet `\mathrm' in version `bold'
(Font)                  EU1/Cochin(0)/m/n --> EU1/Cochin(0)/bx/n on input line 
38.
LaTeX Font Info:    Overwriting math alphabet `\mathit' in version `bold'
(Font)                  OT1/lmr/bx/it --> EU1/Cochin(0)/bx/it on input line 38.

LaTeX Font Info:    Overwriting math alphabet `\mathsf' in version `bold'
(Font)                  OT1/lmss/bx/n --> EU1/GillSans(0)/bx/n on input line 38
.
LaTeX Font Info:    Overwriting math alphabet `\mathtt' in version `bold'
(Font)                  OT1/lmtt/m/n --> EU1/AndaleMono(0)/bx/n on input line 3
8.
LaTeX Font Info:    Try loading font information for OML+lmm on input line 40.
(/usr/local/texlive/2007/texmf-dist/tex/latex/lm/omllmm.fd
File: omllmm.fd 2007/01/14 v1.3 Font defs for Latin Modern
)
LaTeX Font Info:    Try loading font information for OMS+lmsy on input line 40.


(/usr/local/texlive/2007/texmf-dist/tex/latex/lm/omslmsy.fd
File: omslmsy.fd 2007/01/14 v1.3 Font defs for Latin Modern
)
LaTeX Font Info:    Try loading font information for OMX+lmex on input line 40.


(/usr/local/texlive/2007/texmf-dist/tex/latex/lm/omxlmex.fd
File: omxlmex.fd 2007/01/14 v1.3 Font defs for Latin Modern
)
LaTeX Font Info:    External font `lmex10' loaded for size
(Font)              <12> on input line 40.
LaTeX Font Info:    External font `lmex10' loaded for size
(Font)              <8> on input line 40.
LaTeX Font Info:    External font `lmex10' loaded for size
(Font)              <6> on input line 40.
LaTeX Font Info:    Try loading font information for U+msa on input line 40.

(/usr/local/texlive/2007/texmf-dist/tex/latex/amsfonts/umsa.fd
File: umsa.fd 2002/01/19 v2.2g AMS font definitions
)
LaTeX Font Info:    Try loading font information for U+msb on input line 40.

(/usr/local/texlive/2007/texmf-dist/tex/latex/amsfonts/umsb.fd
File: umsb.fd 2002/01/19 v2.2g AMS font definitions
)
LaTeX Font Info:    Font shape `EU1/AndaleMono(0)/m/n' will be
(Font)              scaled to size 8.77771pt on input line 40.


LaTeX Warning: Citation `newman-web-designers' on page 1 undefined on input lin
e 56.


LaTeX Warning: Citation `buxton-sketching' on page 1 undefined on input line 56
.


Underfull \hbox (badness 1178) in paragraph at lines 65--73
\EU1/Cochin(0)/m/n/10 able to directly leverage these refinement stage
 []


Underfull \hbox (badness 7704) in paragraph at lines 65--73
\EU1/Cochin(0)/m/n/10 sketches. Instead, users manually translate
 []


LaTeX Warning: Citation `johnson-flatcad' on page 1 undefined on input line 76.



LaTeX Warning: Reference `fig:flatlang' on page 1 undefined on input line 101.


Underfull \hbox (badness 2368) in paragraph at lines 96--102
\EU1/Cochin(0)/m/n/10 LOGO-like FlatLang domain-specific language.
 []

LaTeX Font Info:    Font shape `EU1/AndaleMono(0)/m/n' will be
(Font)              scaled to size 6.58328pt on input line 108.
LaTeX Font Info:    External font `lmex10' loaded for size
(Font)              <10> on input line 118.
LaTeX Font Info:    External font `lmex10' loaded for size
(Font)              <7> on input line 118.
LaTeX Font Info:    External font `lmex10' loaded for size
(Font)              <5> on input line 118.

LaTeX Warning: Reference `fig:soapdish-sketch' on page 1 undefined on input lin
e 129.

[1


]

LaTeX Warning: File `soapdish-gabe.jpg' not found on input line 141.

! Unable to load picture or PDF file 'soapdish-gabe.jpg'.
<to be read again> 
                   }
l.141   }
         
? 
! Emergency stop.
<to be read again> 
                   }
l.141   }
         
End of file on the terminal!

 
Here is how much of TeX's memory you used:
 5745 strings out of 94863
 92975 string characters out of 1171490
 166378 words of memory out of 1500000
 8834 multiletter control sequences out of 10000+50000
 11420 words of font info for 69 fonts, out of 1200000 for 2000
 605 hyphenation exceptions out of 8191
 28i,7n,48p,342b,319s stack positions out of 5000i,500n,6000p,200000b,5000s
Output written on flatcad-sketch.pdf (1 page).
